# JRE version: Java(TM) SE Runtime Environment (21.0.2+13) (build 21.0.2+13-LTS-58)
# Java VM: Java HotSpot(TM) 64-Bit Server VM (21.0.2+13-LTS-58, mixed mode, sharing, tiered, compressed oops, compressed class ptrs, g1 gc, windows-amd64)
GC Precious Log:
 CardTable entry size: 512
 Card Set container configuration: InlinePtr #cards 4 size 8 Array Of Cards #cards 32 size 80 Howl #buckets 8 coarsen threshold 7372 Howl Bitmap #cards 1024 size 144 coarsen threshold 921 Card regions per heap region 1 cards per card region 8192
 CPUs: 20 total, 20 available
 Memory: 32577M
 Large Page Support: Disabled
 NUMA Support: Disabled
 Compressed Oops: Enabled (Zero based)
 Heap Region Size: 4M
 Heap Min Capacity: 8M
 Heap Initial Capacity: 512M
 Heap Max Capacity: 8148M
 Pre-touch: Disabled
 Parallel Workers: 15
 Concurrent Workers: 4
 Concurrent Refinement Workers: 15
 Periodic GC: Disabled
Heap:
 garbage-first heap   total 122880K, used 48993K [0x0000000602c00000, 0x0000000800000000)
  region size 4096K, 9 young (36864K), 3 survivors (12288K)
 Metaspace       used 65010K, committed 65664K, reserved 1114112K
  class space    used 8603K, committed 8896K, reserved 1048576K
GC Heap History (18 events):
Event: 0.282 GC heap before
{Heap before GC invocations=0 (full 0):
 garbage-first heap   total 524288K, used 20480K [0x0000000602c00000, 0x0000000800000000)
  region size 4096K, 6 young (24576K), 0 survivors (0K)
 Metaspace       used 6294K, committed 6528K, reserved 1114112K
  class space    used 727K, committed 832K, reserved 1048576K
}
Event: 0.284 GC heap after
{Heap after GC invocations=1 (full 0):
 garbage-first heap   total 524288K, used 6472K [0x0000000602c00000, 0x0000000800000000)
  region size 4096K, 1 young (4096K), 1 survivors (4096K)
 Metaspace       used 6294K, committed 6528K, reserved 1114112K
  class space    used 727K, committed 832K, reserved 1048576K
}
Event: 0.426 GC heap before
{Heap before GC invocations=1 (full 0):
 garbage-first heap   total 524288K, used 26952K [0x0000000602c00000, 0x0000000800000000)
  region size 4096K, 6 young (24576K), 1 survivors (4096K)
 Metaspace       used 11559K, committed 11840K, reserved 1114112K
  class space    used 1360K, committed 1472K, reserved 1048576K
}
Event: 0.428 GC heap after
{Heap after GC invocations=2 (full 0):
 garbage-first heap   total 524288K, used 8516K [0x0000000602c00000, 0x0000000800000000)
  region size 4096K, 1 young (4096K), 1 survivors (4096K)
 Metaspace       used 11559K, committed 11840K, reserved 1114112K
  class space    used 1360K, committed 1472K, reserved 1048576K
}
Event: 0.830 GC heap before
{Heap before GC invocations=2 (full 0):
 garbage-first heap   total 524288K, used 57668K [0x0000000602c00000, 0x0000000800000000)
  region size 4096K, 14 young (57344K), 1 survivors (4096K)
 Metaspace       used 21211K, committed 21504K, reserved 1114112K
  class space    used 2568K, committed 2688K, reserved 1048576K
}
Event: 0.832 GC heap after
{Heap after GC invocations=3 (full 0):
 garbage-first heap   total 524288K, used 12903K [0x0000000602c00000, 0x0000000800000000)
  region size 4096K, 2 young (8192K), 2 survivors (8192K)
 Metaspace       used 21211K, committed 21504K, reserved 1114112K
  class space    used 2568K, committed 2688K, reserved 1048576K
}
Event: 1.419 GC heap before
{Heap before GC invocations=4 (full 0):
 garbage-first heap   total 69632K, used 66151K [0x0000000602c00000, 0x0000000800000000)
  region size 4096K, 15 young (61440K), 2 survivors (8192K)
 Metaspace       used 31376K, committed 31872K, reserved 1114112K
  class space    used 3980K, committed 4224K, reserved 1048576K
}
Event: 1.423 GC heap after
{Heap after GC invocations=5 (full 0):
 garbage-first heap   total 81920K, used 17332K [0x0000000602c00000, 0x0000000800000000)
  region size 4096K, 3 young (12288K), 3 survivors (12288K)
 Metaspace       used 31376K, committed 31872K, reserved 1114112K
  class space    used 3980K, committed 4224K, reserved 1048576K
}
Event: 1.580 GC heap before
{Heap before GC invocations=5 (full 0):
 garbage-first heap   total 81920K, used 33716K [0x0000000602c00000, 0x0000000800000000)
  region size 4096K, 8 young (32768K), 3 survivors (12288K)
 Metaspace       used 35494K, committed 35968K, reserved 1114112K
  class space    used 4677K, committed 4864K, reserved 1048576K
}
Event: 1.584 GC heap after
{Heap after GC invocations=6 (full 0):
 garbage-first heap   total 81920K, used 18563K [0x0000000602c00000, 0x0000000800000000)
  region size 4096K, 1 young (4096K), 1 survivors (4096K)
 Metaspace       used 35494K, committed 35968K, reserved 1114112K
  class space    used 4677K, committed 4864K, reserved 1048576K
}
Event: 1.597 GC heap before
{Heap before GC invocations=6 (full 0):
 garbage-first heap   total 81920K, used 18563K [0x0000000602c00000, 0x0000000800000000)
  region size 4096K, 2 young (8192K), 1 survivors (4096K)
 Metaspace       used 35806K, committed 36288K, reserved 1114112K
  class space    used 4724K, committed 4928K, reserved 1048576K
}
Event: 1.598 GC heap after
{Heap after GC invocations=7 (full 0):
 garbage-first heap   total 81920K, used 17678K [0x0000000602c00000, 0x0000000800000000)
  region size 4096K, 1 young (4096K), 1 survivors (4096K)
 Metaspace       used 35806K, committed 36288K, reserved 1114112K
  class space    used 4724K, committed 4928K, reserved 1048576K
}
Event: 3.733 GC heap before
{Heap before GC invocations=8 (full 0):
 garbage-first heap   total 81920K, used 54542K [0x0000000602c00000, 0x0000000800000000)
  region size 4096K, 11 young (45056K), 1 survivors (4096K)
 Metaspace       used 52421K, committed 52992K, reserved 1114112K
  class space    used 6831K, committed 7104K, reserved 1048576K
}
Event: 3.735 GC heap after
{Heap after GC invocations=9 (full 0):
 garbage-first heap   total 303104K, used 20893K [0x0000000602c00000, 0x0000000800000000)
  region size 4096K, 2 young (8192K), 2 survivors (8192K)
 Metaspace       used 52421K, committed 52992K, reserved 1114112K
  class space    used 6831K, committed 7104K, reserved 1048576K
}
Event: 4.311 GC heap before
{Heap before GC invocations=9 (full 0):
 garbage-first heap   total 303104K, used 49565K [0x0000000602c00000, 0x0000000800000000)
  region size 4096K, 10 young (40960K), 2 survivors (8192K)
 Metaspace       used 60162K, committed 60736K, reserved 1114112K
  class space    used 7992K, committed 8256K, reserved 1048576K
}
Event: 4.314 GC heap after
{Heap after GC invocations=10 (full 0):
 garbage-first heap   total 303104K, used 23170K [0x0000000602c00000, 0x0000000800000000)
  region size 4096K, 2 young (8192K), 2 survivors (8192K)
 Metaspace       used 60162K, committed 60736K, reserved 1114112K
  class space    used 7992K, committed 8256K, reserved 1048576K
}
Event: 8929.615 GC heap before
{Heap before GC invocations=11 (full 0):
 garbage-first heap   total 110592K, used 105090K [0x0000000602c00000, 0x0000000800000000)
  region size 4096K, 22 young (90112K), 2 survivors (8192K)
 Metaspace       used 64857K, committed 65536K, reserved 1114112K
  class space    used 8603K, committed 8896K, reserved 1048576K
}
Event: 8929.647 GC heap after
{Heap after GC invocations=12 (full 0):
 garbage-first heap   total 122880K, used 28513K [0x0000000602c00000, 0x0000000800000000)
  region size 4096K, 3 young (12288K), 3 survivors (12288K)
 Metaspace       used 64857K, committed 65536K, reserved 1114112K
  class space    used 8603K, committed 8896K, reserved 1048576K
}

